  mainGL.cpp
D:\HateCoding\OpenGL스터디\Private\OpenGL\OpenGL\OpenGL.h(36,2): warning C4984: 'if constexpr'은 C++17 언어 확장입니다.
  (소스 파일 'mainGL.cpp'을(를) 컴파일하는 중)
  
D:\HateCoding\OpenGL스터디\Private\OpenGL\OpenGL\OpenGL.h(50,7): warning C4984: 'if constexpr'은 C++17 언어 확장입니다.
  (소스 파일 'mainGL.cpp'을(를) 컴파일하는 중)
  
D:\HateCoding\OpenGL스터디\Private\OpenGL\OpenGL\OpenGL.h(60,2): warning C4984: 'if constexpr'은 C++17 언어 확장입니다.
  (소스 파일 'mainGL.cpp'을(를) 컴파일하는 중)
  
D:\HateCoding\OpenGL스터디\Private\OpenGL\OpenGL\OpenGL.h(65,7): warning C4984: 'if constexpr'은 C++17 언어 확장입니다.
  (소스 파일 'mainGL.cpp'을(를) 컴파일하는 중)
  
D:\HateCoding\OpenGL스터디\Private\OpenGL\OpenGL\Camera.h(21,28): warning C4244: 'return': 'int'에서 'float'(으)로 변환하면서 데이터가 손실될 수 있습니다.
  (소스 파일 'mainGL.cpp'을(를) 컴파일하는 중)
  
D:\HateCoding\OpenGL스터디\Private\OpenGL\OpenGL\Camera.h(22,29): warning C4244: 'return': 'int'에서 'float'(으)로 변환하면서 데이터가 손실될 수 있습니다.
  (소스 파일 'mainGL.cpp'을(를) 컴파일하는 중)
  
D:\HateCoding\OpenGL스터디\Private\OpenGL\OpenGL\mainGL.cpp(126,53): warning C4244: '인수': 'const float'에서 'int'(으)로 변환하면서 데이터가 손실될 수 있습니다.
D:\HateCoding\OpenGL스터디\Private\OpenGL\OpenGL\mainGL.cpp(126,40): warning C4244: '인수': 'const float'에서 'int'(으)로 변환하면서 데이터가 손실될 수 있습니다.
D:\HateCoding\OpenGL스터디\Private\OpenGL\OpenGL\mainGL.cpp(139,32): warning C4244: '인수': 'const float'에서 'GLsizei'(으)로 변환하면서 데이터가 손실될 수 있습니다.
D:\HateCoding\OpenGL스터디\Private\OpenGL\OpenGL\mainGL.cpp(139,19): warning C4244: '인수': 'const float'에서 'GLsizei'(으)로 변환하면서 데이터가 손실될 수 있습니다.
D:\HateCoding\OpenGL스터디\Private\OpenGL\OpenGL\mainGL.cpp(163,32): warning C4244: '인수': 'const float'에서 'int'(으)로 변환하면서 데이터가 손실될 수 있습니다.
D:\HateCoding\OpenGL스터디\Private\OpenGL\OpenGL\mainGL.cpp(163,19): warning C4244: '인수': 'const float'에서 'int'(으)로 변환하면서 데이터가 손실될 수 있습니다.
D:\HateCoding\OpenGL스터디\Private\OpenGL\OpenGL\mainGL.cpp(166,36): warning C4244: '인수': 'const float'에서 'int'(으)로 변환하면서 데이터가 손실될 수 있습니다.
D:\HateCoding\OpenGL스터디\Private\OpenGL\OpenGL\mainGL.cpp(166,23): warning C4244: '인수': 'const float'에서 'int'(으)로 변환하면서 데이터가 손실될 수 있습니다.
D:\HateCoding\OpenGL스터디\Private\OpenGL\OpenGL\mainGL.cpp(170,44): warning C4244: '인수': 'const float'에서 'int'(으)로 변환하면서 데이터가 손실될 수 있습니다.
D:\HateCoding\OpenGL스터디\Private\OpenGL\OpenGL\mainGL.cpp(170,31): warning C4244: '인수': 'const float'에서 'int'(으)로 변환하면서 데이터가 손실될 수 있습니다.
D:\HateCoding\OpenGL스터디\Private\OpenGL\OpenGL\mainGL.cpp(171,45): warning C4244: '인수': 'const float'에서 'int'(으)로 변환하면서 데이터가 손실될 수 있습니다.
D:\HateCoding\OpenGL스터디\Private\OpenGL\OpenGL\mainGL.cpp(171,32): warning C4244: '인수': 'const float'에서 'int'(으)로 변환하면서 데이터가 손실될 수 있습니다.
D:\HateCoding\OpenGL스터디\Private\OpenGL\OpenGL\mainGL.cpp(174,49): warning C4244: '인수': 'const float'에서 'int'(으)로 변환하면서 데이터가 손실될 수 있습니다.
D:\HateCoding\OpenGL스터디\Private\OpenGL\OpenGL\mainGL.cpp(174,36): warning C4244: '인수': 'const float'에서 'int'(으)로 변환하면서 데이터가 손실될 수 있습니다.
D:\HateCoding\OpenGL스터디\Private\OpenGL\OpenGL\mainGL.cpp(177,45): warning C4244: '인수': 'const float'에서 'int'(으)로 변환하면서 데이터가 손실될 수 있습니다.
D:\HateCoding\OpenGL스터디\Private\OpenGL\OpenGL\mainGL.cpp(177,32): warning C4244: '인수': 'const float'에서 'int'(으)로 변환하면서 데이터가 손실될 수 있습니다.
D:\HateCoding\OpenGL스터디\Private\OpenGL\OpenGL\mainGL.cpp(210,29): warning C4244: '인수': 'const float'에서 'int'(으)로 변환하면서 데이터가 손실될 수 있습니다.
D:\HateCoding\OpenGL스터디\Private\OpenGL\OpenGL\mainGL.cpp(210,16): warning C4244: '인수': 'const float'에서 'int'(으)로 변환하면서 데이터가 손실될 수 있습니다.
D:\HateCoding\OpenGL스터디\Private\OpenGL\OpenGL\mainGL.cpp(478,63): warning C4244: '인수': 'const float'에서 'int'(으)로 변환하면서 데이터가 손실될 수 있습니다.
D:\HateCoding\OpenGL스터디\Private\OpenGL\OpenGL\mainGL.cpp(478,50): warning C4244: '인수': 'const float'에서 'int'(으)로 변환하면서 데이터가 손실될 수 있습니다.
  OpenGL.vcxproj -> D:\HateCoding\OpenGL스터디\Private\OpenGL\x64\Debug\OpenGL.exe
  'pwsh.exe'은(는) 내부 또는 외부 명령, 실행할 수 있는 프로그램, 또는
  배치 파일이 아닙니다.
